<?xml version="1.0" encoding="utf-8"?><testsuites><testsuite name="pytest" errors="1" failures="0" skipped="0" tests="1" time="80.527" timestamp="2025-10-02T13:33:52.596947+08:00" hostname="autodl-container-ad7f4090ce-4bcd3160"><testcase classname="" name="unit.api.test_server_middleware" time="0.000"><error message="collection failure">ImportError while importing test module '/root/autodl-tmp/Zishu-sensei/tests/unit/api/test_server_middleware.py'.
Hint: make sure your test modules/packages have valid Python names.
Traceback:
/root/miniconda3/lib/python3.8/importlib/__init__.py:127: in import_module
    return _bootstrap._gcd_import(name[level:], package, level)
tests/unit/api/test_server_middleware.py:23: in &lt;module&gt;
    from zishu.api.middleware.logging import LoggingMiddleware, RequestLoggingMiddleware
E   ModuleNotFoundError: No module named 'zishu.api.middleware.logging'</error></testcase></testsuite></testsuites>